MongoDB connected: localhost
Server running on port 5000
[0mPOST /api/auth/login [33m401[0m 37.100 ms - 49[0m
[0mPOST /api/auth/login [32m200[0m 1096.639 ms - 536[0m
[0mGET /api/analytics/dashboard [32m200[0m 105.506 ms - 232[0m
[0mGET /api/analytics/plagiarism-trends [32m200[0m 20.748 ms - 28[0m
[0mPOST /api/auth/login [33m401[0m 4.519 ms - 49[0m
[0mPOST /api/auth/login [32m200[0m 880.898 ms - 553[0m
[0mGET /api/students/stats [32m200[0m 15.184 ms - 92[0m
[0mGET /api/students/submissions [32m200[0m 18.307 ms - 2279[0m
[0mGET /api/analytics/student [32m200[0m 11.794 ms - 757[0m
[0mGET /api/faculty/assignments [33m404[0m 4.988 ms - 162[0m
[0mGET /api/ai/resources [32m200[0m 29.824 ms - 34609[0m
[0mGET /api/ai/resources [32m200[0m 13.114 ms - 34609[0m
[0mGET /api/health [32m200[0m 0.793 ms - 54[0m
[0mGET /api/ai/resources [32m200[0m 10.180 ms - 34609[0m
[0mPOST /api/auth/login [33m401[0m 981.800 ms - 49[0m
[0mPOST /api/auth/login [32m200[0m 722.596 ms - 553[0m
[0mGET /api/students/stats [32m200[0m 7.933 ms - 92[0m
[0mGET /api/students/submissions [32m200[0m 13.684 ms - 2279[0m
[0mGET /api/students/stats [32m200[0m 13.135 ms - 92[0m
[0mGET /api/students/submissions [32m200[0m 20.231 ms - 2279[0m
